0 info it worked if it ends with ok
1 verbose cli [ '/home/geoff/.nvm/versions/node/v0.12.7/bin/node',
1 verbose cli   '/home/geoff/.nvm/versions/node/v0.12.7/bin/npm',
1 verbose cli   'install',
1 verbose cli   'bootstrap-sass-official' ]
2 info using npm@2.11.3
3 info using node@v0.12.7
4 verbose install initial load of /home/geoff/projects/mcc-core-project/app/components/bootswatch-greenfields/package.json
5 verbose installManyTop reading scoped package data from /home/geoff/projects/mcc-core-project/app/components/bootswatch-greenfields/node_modules/angular/package.json
6 verbose installManyTop reading scoped package data from /home/geoff/projects/mcc-core-project/app/components/bootswatch-greenfields/node_modules/bootstrap-sass/package.json
7 verbose installManyTop reading scoped package data from /home/geoff/projects/mcc-core-project/app/components/bootswatch-greenfields/node_modules/grunt/package.json
8 verbose installManyTop reading scoped package data from /home/geoff/projects/mcc-core-project/app/components/bootswatch-greenfields/node_modules/grunt-contrib-concat/package.json
9 verbose installManyTop reading scoped package data from /home/geoff/projects/mcc-core-project/app/components/bootswatch-greenfields/node_modules/grunt-contrib-sass/package.json
10 verbose installManyTop reading scoped package data from /home/geoff/projects/mcc-core-project/app/components/bootswatch-greenfields/node_modules/grunt-sass/package.json
11 info package.json grunt@0.4.5 No license field.
12 info package.json grunt-contrib-concat@0.5.1 No license field.
13 info package.json grunt-contrib-sass@0.9.2 No license field.
14 verbose readDependencies loading dependencies from /home/geoff/projects/mcc-core-project/app/components/bootswatch-greenfields/package.json
15 silly cache add args [ 'bootstrap-sass-official', null ]
16 verbose cache add spec bootstrap-sass-official
17 silly cache add parsed spec { raw: 'bootstrap-sass-official',
17 silly cache add   scope: null,
17 silly cache add   name: 'bootstrap-sass-official',
17 silly cache add   rawSpec: '',
17 silly cache add   spec: '*',
17 silly cache add   type: 'range' }
18 silly addNamed bootstrap-sass-official@*
19 verbose addNamed "*" is a valid semver range for bootstrap-sass-official
20 silly addNameRange { name: 'bootstrap-sass-official', range: '*', hasData: false }
21 silly mapToRegistry name bootstrap-sass-official
22 silly mapToRegistry using default registry
23 silly mapToRegistry registry https://registry.npmjs.org/
24 silly mapToRegistry uri https://registry.npmjs.org/bootstrap-sass-official
25 verbose addNameRange registry:https://registry.npmjs.org/bootstrap-sass-official not in flight; fetching
26 verbose request uri https://registry.npmjs.org/bootstrap-sass-official
27 verbose request no auth needed
28 info attempt registry request try #1 at 1:48:25 PM
29 verbose request id 6da40bb6ef5b70c1
30 http request GET https://registry.npmjs.org/bootstrap-sass-official
31 http 404 https://registry.npmjs.org/bootstrap-sass-official
32 verbose headers { server: 'CouchDB/1.5.0 (Erlang OTP/R16B03)',
32 verbose headers   'content-type': 'application/json',
32 verbose headers   'cache-control': 'max-age=0',
32 verbose headers   'content-length': '51',
32 verbose headers   'accept-ranges': 'bytes',
32 verbose headers   date: 'Tue, 04 Aug 2015 19:48:48 GMT',
32 verbose headers   via: '1.1 varnish',
32 verbose headers   age: '0',
32 verbose headers   connection: 'keep-alive',
32 verbose headers   'x-served-by': 'cache-ord1727-ORD',
32 verbose headers   'x-cache': 'MISS',
32 verbose headers   'x-cache-hits': '0',
32 verbose headers   'x-timer': 'S1438717728.058796,VS0,VE43' }
33 silly get cb [ 404,
33 silly get   { server: 'CouchDB/1.5.0 (Erlang OTP/R16B03)',
33 silly get     'content-type': 'application/json',
33 silly get     'cache-control': 'max-age=0',
33 silly get     'content-length': '51',
33 silly get     'accept-ranges': 'bytes',
33 silly get     date: 'Tue, 04 Aug 2015 19:48:48 GMT',
33 silly get     via: '1.1 varnish',
33 silly get     age: '0',
33 silly get     connection: 'keep-alive',
33 silly get     'x-served-by': 'cache-ord1727-ORD',
33 silly get     'x-cache': 'MISS',
33 silly get     'x-cache-hits': '0',
33 silly get     'x-timer': 'S1438717728.058796,VS0,VE43' } ]
34 verbose stack Error: 404 Not Found: bootstrap-sass-official
34 verbose stack     at CachingRegistryClient.<anonymous> (/home/geoff/.nvm/versions/node/v0.12.7/lib/node_modules/npm/node_modules/npm-registry-client/lib/request.js:245:14)
34 verbose stack     at Request._callback (/home/geoff/.nvm/versions/node/v0.12.7/lib/node_modules/npm/node_modules/npm-registry-client/lib/request.js:170:14)
34 verbose stack     at Request.self.callback (/home/geoff/.nvm/versions/node/v0.12.7/lib/node_modules/npm/node_modules/request/request.js:354:22)
34 verbose stack     at Request.emit (events.js:110:17)
34 verbose stack     at Request.<anonymous> (/home/geoff/.nvm/versions/node/v0.12.7/lib/node_modules/npm/node_modules/request/request.js:1207:14)
34 verbose stack     at Request.emit (events.js:129:20)
34 verbose stack     at IncomingMessage.<anonymous> (/home/geoff/.nvm/versions/node/v0.12.7/lib/node_modules/npm/node_modules/request/request.js:1153:12)
34 verbose stack     at IncomingMessage.emit (events.js:129:20)
34 verbose stack     at _stream_readable.js:908:16
34 verbose stack     at process._tickCallback (node.js:355:11)
35 verbose statusCode 404
36 verbose pkgid bootstrap-sass-official
37 verbose cwd /home/geoff/projects/mcc-core-project/app/components/bootswatch-greenfields
38 error Linux 3.13.0-57-generic
39 error argv "/home/geoff/.nvm/versions/node/v0.12.7/bin/node" "/home/geoff/.nvm/versions/node/v0.12.7/bin/npm" "install" "bootstrap-sass-official"
40 error node v0.12.7
41 error npm  v2.11.3
42 error code E404
43 error 404 Not Found: bootstrap-sass-official
43 error 404
43 error 404 'bootstrap-sass-official' is not in the npm registry.
43 error 404 You should bug the author to publish it (or use the name yourself!)
43 error 404 It was specified as a dependency of 'bootswatch-greenfields'
43 error 404
43 error 404 Note that you can also install from a
43 error 404 tarball, folder, http url, or git url.
44 verbose exit [ 1, true ]
